{
  "stats": {
    "suites": 7,
    "tests": 19,
    "passes": 19,
    "pending": 0,
    "failures": 0,
    "start": "2020-05-31T13:15:30.144Z",
    "end": "2020-05-31T13:15:32.401Z",
    "duration": 2257,
    "testsRegistered": 19,
    "passPercent": 100,
    "pendingPercent": 0,
    "other": 0,
    "hasOther": false,
    "skipped": 0,
    "hasSkipped": false
  },
  "results": [
    {
      "uuid": "bce29a50-0730-48a2-af38-34d5eef2ef73",
      "title": "",
      "fullFile": "",
      "file": "",
      "beforeHooks": [],
      "afterHooks": [],
      "tests": [],
      "suites": [
        {
          "uuid": "3f7c345a-64d2-43aa-8556-99503e13a8ae",
          "title": "MAGIC_WORD深度学习单词记忆软件单元测试",
          "fullFile": "C:\\Users\\26230\\Desktop\\SoftwareUsing\\weixinprogram\\program0530\\miniprogram\\test\\all.test.js",
          "file": "\\test\\all.test.js",
          "beforeHooks": [],
          "afterHooks": [],
          "tests": [],
          "suites": [
            {
              "uuid": "f1beea0e-d013-4a1b-8598-75d350894391",
              "title": "输入一个含记忆指数的对象列表处理后记忆指数发生不同程度的衰减",
              "fullFile": "C:\\Users\\26230\\Desktop\\SoftwareUsing\\weixinprogram\\program0530\\miniprogram\\test\\all.test.js",
              "file": "\\test\\all.test.js",
              "beforeHooks": [],
              "afterHooks": [],
              "tests": [
                {
                  "title": "输入记忆指数为60，30",
                  "fullTitle": "MAGIC_WORD深度学习单词记忆软件单元测试 输入一个含记忆指数的对象列表处理后记忆指数发生不同程度的衰减 输入记忆指数为60，30",
                  "timedOut": false,
                  "duration": 1,
                  "state": "passed",
                  "speed": "fast",
                  "pass": true,
                  "fail": false,
                  "pending": false,
                  "context": null,
                  "code": "var list1=[{memory_num:60},{memory_num:30}]\nvar list2=[{memory_num:36},{memory_num:12}]\nassert.deepEqual((forgettingCurve(list1)), list2)",
                  "err": {},
                  "uuid": "0b1c4079-7441-46ce-9451-a1a1984a45b2",
                  "parentUUID": "f1beea0e-d013-4a1b-8598-75d350894391",
                  "isHook": false,
                  "skipped": false
                },
                {
                  "title": "输入记忆指数为0，100，96",
                  "fullTitle": "MAGIC_WORD深度学习单词记忆软件单元测试 输入一个含记忆指数的对象列表处理后记忆指数发生不同程度的衰减 输入记忆指数为0，100，96",
                  "timedOut": false,
                  "duration": 0,
                  "state": "passed",
                  "speed": "fast",
                  "pass": true,
                  "fail": false,
                  "pending": false,
                  "context": null,
                  "code": "var list1=[{memory_num:0},{memory_num:100},{memory_num:95}]\nvar list2=[{memory_num:0},{memory_num:80},{memory_num:76}]\nassert.deepEqual((forgettingCurve(list1)), list2)",
                  "err": {},
                  "uuid": "13c70f22-be4d-474f-8f9c-026249bd7bc6",
                  "parentUUID": "f1beea0e-d013-4a1b-8598-75d350894391",
                  "isHook": false,
                  "skipped": false
                },
                {
                  "title": "输入记忆指数为45，15，68",
                  "fullTitle": "MAGIC_WORD深度学习单词记忆软件单元测试 输入一个含记忆指数的对象列表处理后记忆指数发生不同程度的衰减 输入记忆指数为45，15，68",
                  "timedOut": false,
                  "duration": 0,
                  "state": "passed",
                  "speed": "fast",
                  "pass": true,
                  "fail": false,
                  "pending": false,
                  "context": null,
                  "code": "var list1=[{memory_num:45},{memory_num:15},{memory_num:68}]\nvar list2=[{memory_num:18},{memory_num:3},{memory_num:40.8}]\nassert.deepEqual((forgettingCurve(list1)), list2)",
                  "err": {},
                  "uuid": "c706a196-851e-40ee-876d-201e77bb95e5",
                  "parentUUID": "f1beea0e-d013-4a1b-8598-75d350894391",
                  "isHook": false,
                  "skipped": false
                },
                {
                  "title": "输入记忆指数为67，87，56，98，3",
                  "fullTitle": "MAGIC_WORD深度学习单词记忆软件单元测试 输入一个含记忆指数的对象列表处理后记忆指数发生不同程度的衰减 输入记忆指数为67，87，56，98，3",
                  "timedOut": false,
                  "duration": 0,
                  "state": "passed",
                  "speed": "fast",
                  "pass": true,
                  "fail": false,
                  "pending": false,
                  "context": null,
                  "code": "var list1=[{memory_num:67},{memory_num:87},{memory_num:56},{memory_num:98},{memory_num:3}]\nvar list2=[{memory_num: 40.199999999999996},{memory_num:52.199999999999996},{memory_num:22.400000000000002},{memory_num: 78.4},{memory_num:0.6000000000000001}]\nassert.deepEqual((forgettingCurve(list1)), list2)",
                  "err": {},
                  "uuid": "fb624268-2a44-46fe-9ab5-87ff13ab1ff3",
                  "parentUUID": "f1beea0e-d013-4a1b-8598-75d350894391",
                  "isHook": false,
                  "skipped": false
                }
              ],
              "suites": [],
              "passes": [
                "0b1c4079-7441-46ce-9451-a1a1984a45b2",
                "13c70f22-be4d-474f-8f9c-026249bd7bc6",
                "c706a196-851e-40ee-876d-201e77bb95e5",
                "fb624268-2a44-46fe-9ab5-87ff13ab1ff3"
              ],
              "failures": [],
              "pending": [],
              "skipped": [],
              "duration": 1,
              "root": false,
              "rootEmpty": false,
              "_timeout": 2000
            },
            {
              "uuid": "f07bff89-298d-4698-9228-a7e72800d4b3",
              "title": "输入一个带有记忆指数的数组与用户学习新单词数之后输出相应记忆指数难度适中的单词数组",
              "fullFile": "C:\\Users\\26230\\Desktop\\SoftwareUsing\\weixinprogram\\program0530\\miniprogram\\test\\all.test.js",
              "file": "\\test\\all.test.js",
              "beforeHooks": [],
              "afterHooks": [],
              "tests": [
                {
                  "title": "输入第一组测试数据",
                  "fullTitle": "MAGIC_WORD深度学习单词记忆软件单元测试 输入一个带有记忆指数的数组与用户学习新单词数之后输出相应记忆指数难度适中的单词数组 输入第一组测试数据",
                  "timedOut": false,
                  "duration": 0,
                  "state": "passed",
                  "speed": "fast",
                  "pass": true,
                  "fail": false,
                  "pending": false,
                  "context": null,
                  "code": "var list1=[['apple',70],['orange',39],['add',90],['pdd',53],['faker',93],['theshy',88],['rookie',99]]\nvar num1 = 4\nvar num2 = 4\nassert.equal((recommend(list1,num1)).length,num2)\nfor (var i=0;i<num1;i++){\n  assert.equal(recommend(list1,num1)[i][1]<=100 && recommend(list1,num1)[i][1]>=0,true)\n}",
                  "err": {},
                  "uuid": "c454a56b-afe4-45e7-a4bd-4cdcc105977a",
                  "parentUUID": "f07bff89-298d-4698-9228-a7e72800d4b3",
                  "isHook": false,
                  "skipped": false
                },
                {
                  "title": "输入第二组测试数据",
                  "fullTitle": "MAGIC_WORD深度学习单词记忆软件单元测试 输入一个带有记忆指数的数组与用户学习新单词数之后输出相应记忆指数难度适中的单词数组 输入第二组测试数据",
                  "timedOut": false,
                  "duration": 0,
                  "state": "passed",
                  "speed": "fast",
                  "pass": true,
                  "fail": false,
                  "pending": false,
                  "context": null,
                  "code": "var list1=[['ruler',64],['bdd',89],['jackeylove',91],['white',23],['knight',98],['shy',89],['looper',94],['caps',92]]\nvar num1 = 5\nvar num2 = 5\nassert.equal((recommend(list1,num1)).length,num2)\nfor (var i=0;i<num1;i++){\n  assert.equal(recommend(list1,num1)[i][1]<=100 && recommend(list1,num1)[i][1]>=0,true)\n}",
                  "err": {},
                  "uuid": "c32856b1-6e85-4625-9647-80c6ae3599c9",
                  "parentUUID": "f07bff89-298d-4698-9228-a7e72800d4b3",
                  "isHook": false,
                  "skipped": false
                },
                {
                  "title": "输入第三组测试数据",
                  "fullTitle": "MAGIC_WORD深度学习单词记忆软件单元测试 输入一个带有记忆指数的数组与用户学习新单词数之后输出相应记忆指数难度适中的单词数组 输入第三组测试数据",
                  "timedOut": false,
                  "duration": 0,
                  "state": "passed",
                  "speed": "fast",
                  "pass": true,
                  "fail": false,
                  "pending": false,
                  "context": null,
                  "code": "var list1=[['perks',90],['nanfeng',79],['puff',81],['uzi',95],['karsa',94],['yuyanjia',85],['three',3],['six',60],['nine',99.9999999999]]\nvar num1 = 6\nvar num2 = 6\nassert.equal((recommend(list1,num1)).length,num2)\nfor (var i=0;i<num1;i++){\n  assert.equal(recommend(list1,num1)[i][1]<=100 && recommend(list1,num1)[i][1]>=0,true)\n}",
                  "err": {},
                  "uuid": "a7fdfe0c-67f1-4ebf-9723-bacdeb243d06",
                  "parentUUID": "f07bff89-298d-4698-9228-a7e72800d4b3",
                  "isHook": false,
                  "skipped": false
                }
              ],
              "suites": [],
              "passes": [
                "c454a56b-afe4-45e7-a4bd-4cdcc105977a",
                "c32856b1-6e85-4625-9647-80c6ae3599c9",
                "a7fdfe0c-67f1-4ebf-9723-bacdeb243d06"
              ],
              "failures": [],
              "pending": [],
              "skipped": [],
              "duration": 0,
              "root": false,
              "rootEmpty": false,
              "_timeout": 2000
            },
            {
              "uuid": "e6958722-29f2-4b9c-b64e-6e20b4905268",
              "title": "输入一个带有记忆指数的数组与用户复习单词数之后输出相应个数的记忆指数最低的几个单词数组",
              "fullFile": "C:\\Users\\26230\\Desktop\\SoftwareUsing\\weixinprogram\\program0530\\miniprogram\\test\\all.test.js",
              "file": "\\test\\all.test.js",
              "beforeHooks": [],
              "afterHooks": [],
              "tests": [
                {
                  "title": "输入第一组测试数据",
                  "fullTitle": "MAGIC_WORD深度学习单词记忆软件单元测试 输入一个带有记忆指数的数组与用户复习单词数之后输出相应个数的记忆指数最低的几个单词数组 输入第一组测试数据",
                  "timedOut": false,
                  "duration": 0,
                  "state": "passed",
                  "speed": "fast",
                  "pass": true,
                  "fail": false,
                  "pending": false,
                  "context": null,
                  "code": "var list1=[['apple',70],['orange',39],['add',90],['pdd',53],['faker',93],['theshy',88],['rookie',99]]\nvar num1 = 4\nvar num2 = 4\nassert.equal(review(list1,num1).length,num2)\nassert.equal(review(list1,num1)[0][1], 39)\nfor (var i = 0; i < num1-1; i++){\n  assert.equal(review(list1,num1)[i][1] <= review(list1,num1)[i+1][1], true)\n}\nfor (var i=0;i<num1;i++){\n  assert.equal(review(list1,num1)[i][1]<=100 && review(list1,num1)[i][1]>=0,true)\n}",
                  "err": {},
                  "uuid": "dfc24e2d-0409-4f5a-9cca-189962a58560",
                  "parentUUID": "e6958722-29f2-4b9c-b64e-6e20b4905268",
                  "isHook": false,
                  "skipped": false
                },
                {
                  "title": "输入第二组测试数据",
                  "fullTitle": "MAGIC_WORD深度学习单词记忆软件单元测试 输入一个带有记忆指数的数组与用户复习单词数之后输出相应个数的记忆指数最低的几个单词数组 输入第二组测试数据",
                  "timedOut": false,
                  "duration": 0,
                  "state": "passed",
                  "speed": "fast",
                  "pass": true,
                  "fail": false,
                  "pending": false,
                  "context": null,
                  "code": "var list1=[['ruler',64],['bdd',89],['jackeylove',91],['white',23],['knight',98],['shy',89],['looper',94],['caps',92]]\nvar num1 = 5\nvar num2 = 5\nassert.equal(review(list1,num1).length,num2)\nassert.equal(review(list1,num1)[0][1], 23)\nfor (var i = 0; i < num1-1; i++){\n  assert.equal(review(list1,num1)[i][1] <= review(list1,num1)[i+1][1], true)\n}\nfor (var i=0;i<num1;i++){\n  assert.equal(review(list1,num1)[i][1]<=100 && review(list1,num1)[i][1]>=0,true)\n}",
                  "err": {},
                  "uuid": "fb61e5fd-bc08-453f-93b4-7585e1cbcf6c",
                  "parentUUID": "e6958722-29f2-4b9c-b64e-6e20b4905268",
                  "isHook": false,
                  "skipped": false
                },
                {
                  "title": "输入第三组测试数据",
                  "fullTitle": "MAGIC_WORD深度学习单词记忆软件单元测试 输入一个带有记忆指数的数组与用户复习单词数之后输出相应个数的记忆指数最低的几个单词数组 输入第三组测试数据",
                  "timedOut": false,
                  "duration": 0,
                  "state": "passed",
                  "speed": "fast",
                  "pass": true,
                  "fail": false,
                  "pending": false,
                  "context": null,
                  "code": "var list1=[['perks',90],['nanfeng',79],['puff',81],['uzi',95],['karsa',94],['yuyanjia',85],['three',3],['six',60],['nine',99.9999999999]]\nvar num1 = 6\nvar num2 = 6\nassert.equal(review(list1,num1).length,num2)\nassert.equal(review(list1,num1)[0][1], 3)\nfor (var i = 0; i < num1-1; i++){\n  assert.equal(review(list1,num1)[i][1] <= review(list1,num1)[i+1][1], true)\n}\nfor (var i=0;i<num1;i++){\n  assert.equal(review(list1,num1)[i][1]<=100 && review(list1,num1)[i][1]>=0,true)\n}",
                  "err": {},
                  "uuid": "36bb6284-3529-485d-a37d-1b0f28c87003",
                  "parentUUID": "e6958722-29f2-4b9c-b64e-6e20b4905268",
                  "isHook": false,
                  "skipped": false
                }
              ],
              "suites": [],
              "passes": [
                "dfc24e2d-0409-4f5a-9cca-189962a58560",
                "fb61e5fd-bc08-453f-93b4-7585e1cbcf6c",
                "36bb6284-3529-485d-a37d-1b0f28c87003"
              ],
              "failures": [],
              "pending": [],
              "skipped": [],
              "duration": 0,
              "root": false,
              "rootEmpty": false,
              "_timeout": 2000
            },
            {
              "uuid": "cdaa8ab1-457b-4501-a38b-13da9a99820e",
              "title": "输入一个带有带有单词和音标的数组，输出单词的4项基本属性",
              "fullFile": "C:\\Users\\26230\\Desktop\\SoftwareUsing\\weixinprogram\\program0530\\miniprogram\\test\\all.test.js",
              "file": "\\test\\all.test.js",
              "beforeHooks": [],
              "afterHooks": [],
              "tests": [
                {
                  "title": "输入单词为face,warehouse,exclusively,distinct,character",
                  "fullTitle": "MAGIC_WORD深度学习单词记忆软件单元测试 输入一个带有带有单词和音标的数组，输出单词的4项基本属性 输入单词为face,warehouse,exclusively,distinct,character",
                  "timedOut": false,
                  "duration": 1,
                  "state": "passed",
                  "speed": "fast",
                  "pass": true,
                  "fail": false,
                  "pending": false,
                  "context": null,
                  "code": "var list1=[['face','feɪs'], ['warehouse','werhaʊs'],['exclusively','ɪkskluːsɪvli'],['distinct','dɪstɪŋkt'],['character','kerəktər']]\nvar list2=[[4,4,4,4],[9,8,7,7],[11,9,12,8],[8,6,8,6],[9,6,8,5]]\nassert.deepEqual(init(list1),list2)",
                  "err": {},
                  "uuid": "eccebbd3-574d-4681-b6e3-3dc7d4110d05",
                  "parentUUID": "cdaa8ab1-457b-4501-a38b-13da9a99820e",
                  "isHook": false,
                  "skipped": false
                },
                {
                  "title": "输入单词为abandon，abnormal",
                  "fullTitle": "MAGIC_WORD深度学习单词记忆软件单元测试 输入一个带有带有单词和音标的数组，输出单词的4项基本属性 输入单词为abandon，abnormal",
                  "timedOut": false,
                  "duration": 0,
                  "state": "passed",
                  "speed": "fast",
                  "pass": true,
                  "fail": false,
                  "pending": false,
                  "context": null,
                  "code": "var list1=[[\"abandon\",'əbændən'], ['abnormal','æbnɒrml']]\nvar list2=[[7,5,7,5],[8,7,7,7]]\nassert.deepEqual(init(list1),list2)",
                  "err": {},
                  "uuid": "bb6df587-0ec0-497b-9740-08e0a435ecd8",
                  "parentUUID": "cdaa8ab1-457b-4501-a38b-13da9a99820e",
                  "isHook": false,
                  "skipped": false
                },
                {
                  "title": "输入单词为layman，layout,cause",
                  "fullTitle": "MAGIC_WORD深度学习单词记忆软件单元测试 输入一个带有带有单词和音标的数组，输出单词的4项基本属性 输入单词为layman，layout,cause",
                  "timedOut": false,
                  "duration": 0,
                  "state": "passed",
                  "speed": "fast",
                  "pass": true,
                  "fail": false,
                  "pending": false,
                  "context": null,
                  "code": "var list1=[[\"layman\",'leɪmənn'], ['layout','leɪaʊt'],['cause','kɔz']]\nvar list2=[[6,5,7,6],[6,6,6,6],[5,5,3,3]]\nassert.deepEqual(init(list1),list2)",
                  "err": {},
                  "uuid": "a2ed47b1-a657-498b-a08b-dca8e1156b34",
                  "parentUUID": "cdaa8ab1-457b-4501-a38b-13da9a99820e",
                  "isHook": false,
                  "skipped": false
                },
                {
                  "title": "输入单词为ash",
                  "fullTitle": "MAGIC_WORD深度学习单词记忆软件单元测试 输入一个带有带有单词和音标的数组，输出单词的4项基本属性 输入单词为ash",
                  "timedOut": false,
                  "duration": 0,
                  "state": "passed",
                  "speed": "fast",
                  "pass": true,
                  "fail": false,
                  "pending": false,
                  "context": null,
                  "code": "var list1=[[\"ash\",'æʃ']]\nvar list2=[[3,3,2,2]]\nassert.deepEqual(init(list1),list2)",
                  "err": {},
                  "uuid": "4c9abb9c-8a4f-40cf-8d91-6b78dc96aed8",
                  "parentUUID": "cdaa8ab1-457b-4501-a38b-13da9a99820e",
                  "isHook": false,
                  "skipped": false
                }
              ],
              "suites": [],
              "passes": [
                "eccebbd3-574d-4681-b6e3-3dc7d4110d05",
                "bb6df587-0ec0-497b-9740-08e0a435ecd8",
                "a2ed47b1-a657-498b-a08b-dca8e1156b34",
                "4c9abb9c-8a4f-40cf-8d91-6b78dc96aed8"
              ],
              "failures": [],
              "pending": [],
              "skipped": [],
              "duration": 1,
              "root": false,
              "rootEmpty": false,
              "_timeout": 2000
            },
            {
              "uuid": "95004a7e-601d-4027-8d7c-7366c8ef1d4a",
              "title": "记忆指数调整模型：输入单词背诵和测试的记录张量得到每次学习后记忆指数增量",
              "fullFile": "C:\\Users\\26230\\Desktop\\SoftwareUsing\\weixinprogram\\program0530\\miniprogram\\test\\all.test.js",
              "file": "\\test\\all.test.js",
              "beforeHooks": [],
              "afterHooks": [],
              "tests": [
                {
                  "title": "输入第一组测试数据",
                  "fullTitle": "MAGIC_WORD深度学习单词记忆软件单元测试 记忆指数调整模型：输入单词背诵和测试的记录张量得到每次学习后记忆指数增量 输入第一组测试数据",
                  "timedOut": false,
                  "duration": 556,
                  "state": "passed",
                  "speed": "slow",
                  "pass": true,
                  "fail": false,
                  "pending": false,
                  "context": null,
                  "code": "let r = await loadModel1([[2,2,1,3,2,2],[1,2,2,1,1,1]]);\nvar list=[];\nfor(var i = 0; i<r.length; ++i){\n  list.push(r[i]);\n}\nassert.deepEqual(list, [155.28932189941406,94.37312316894531]);",
                  "err": {},
                  "uuid": "1442e23e-454e-4a52-a37d-957a72bdd5ff",
                  "parentUUID": "95004a7e-601d-4027-8d7c-7366c8ef1d4a",
                  "isHook": false,
                  "skipped": false
                }
              ],
              "suites": [],
              "passes": [
                "1442e23e-454e-4a52-a37d-957a72bdd5ff"
              ],
              "failures": [],
              "pending": [],
              "skipped": [],
              "duration": 556,
              "root": false,
              "rootEmpty": false,
              "_timeout": 2000
            },
            {
              "uuid": "3c765eee-f9d8-4c0a-8bbb-0fdceb92b912",
              "title": "预测模型：输入单词属性张量得到初始记忆指数",
              "fullFile": "C:\\Users\\26230\\Desktop\\SoftwareUsing\\weixinprogram\\program0530\\miniprogram\\test\\all.test.js",
              "file": "\\test\\all.test.js",
              "beforeHooks": [],
              "afterHooks": [],
              "tests": [
                {
                  "title": "输入单词face,warehouse,exclusively,distinct,character的属性张量",
                  "fullTitle": "MAGIC_WORD深度学习单词记忆软件单元测试 预测模型：输入单词属性张量得到初始记忆指数 输入单词face,warehouse,exclusively,distinct,character的属性张量",
                  "timedOut": false,
                  "duration": 313,
                  "state": "passed",
                  "speed": "slow",
                  "pass": true,
                  "fail": false,
                  "pending": false,
                  "context": null,
                  "code": "let r = await loadModel2([[4,4,4,4],[9,8,7,7],[11,9,12,8],[8,6,8,6],[9,6,8,5]]);\nvar list=[];\nfor(var i = 0; i<r.length; ++i){\n  list.push(r[i]);\n}\nassert.deepEqual(list, [44.67424011230469,30.27725601196289,13.021135330200195,24.18756103515625,15.337182998657227]);",
                  "err": {},
                  "uuid": "315c82b0-cb0f-4db9-95df-f218986afe04",
                  "parentUUID": "3c765eee-f9d8-4c0a-8bbb-0fdceb92b912",
                  "isHook": false,
                  "skipped": false
                },
                {
                  "title": "输入单词abandon，abnormal的属性张量",
                  "fullTitle": "MAGIC_WORD深度学习单词记忆软件单元测试 预测模型：输入单词属性张量得到初始记忆指数 输入单词abandon，abnormal的属性张量",
                  "timedOut": false,
                  "duration": 416,
                  "state": "passed",
                  "speed": "slow",
                  "pass": true,
                  "fail": false,
                  "pending": false,
                  "context": null,
                  "code": "let r = await loadModel2([[7,5,7,5],[8,7,7,7]]);\nvar list=[];\nfor(var i = 0; i<r.length; ++i){\n  list.push(r[i]);\n}\nassert.deepEqual(list, [26.5393123626709,34.356422424316406]);",
                  "err": {},
                  "uuid": "fb7bbdb8-c419-41b4-bfa3-159938f35069",
                  "parentUUID": "3c765eee-f9d8-4c0a-8bbb-0fdceb92b912",
                  "isHook": false,
                  "skipped": false
                },
                {
                  "title": "输入单词layman，layout,cause的属性张量",
                  "fullTitle": "MAGIC_WORD深度学习单词记忆软件单元测试 预测模型：输入单词属性张量得到初始记忆指数 输入单词layman，layout,cause的属性张量",
                  "timedOut": false,
                  "duration": 562,
                  "state": "passed",
                  "speed": "slow",
                  "pass": true,
                  "fail": false,
                  "pending": false,
                  "context": null,
                  "code": "let r = await loadModel2([[6,5,7,6],[6,6,6,6],[5,5,3,3]]);\nvar list=[];\nfor(var i = 0; i<r.length; ++i){\n  list.push(r[i]);\n}\nassert.deepEqual(list, [38.97578048706055,40.959842681884766,39.577667236328125]);",
                  "err": {},
                  "uuid": "811236e7-8cc3-41c0-92ee-e9b66618d648",
                  "parentUUID": "3c765eee-f9d8-4c0a-8bbb-0fdceb92b912",
                  "isHook": false,
                  "skipped": false
                },
                {
                  "title": "输入单词ash的属性张量",
                  "fullTitle": "MAGIC_WORD深度学习单词记忆软件单元测试 预测模型：输入单词属性张量得到初始记忆指数 输入单词ash的属性张量",
                  "timedOut": false,
                  "duration": 341,
                  "state": "passed",
                  "speed": "slow",
                  "pass": true,
                  "fail": false,
                  "pending": false,
                  "context": null,
                  "code": "let r = await loadModel2([[3,3,2,2]]);\nvar list=[];\nfor(var i = 0; i<r.length; ++i){\n  list.push(r[i]);\n}\nassert.deepEqual(list, [42.39606475830078,]);",
                  "err": {},
                  "uuid": "114069b6-dc2b-4adb-82aa-d6fe26ce4c49",
                  "parentUUID": "3c765eee-f9d8-4c0a-8bbb-0fdceb92b912",
                  "isHook": false,
                  "skipped": false
                }
              ],
              "suites": [],
              "passes": [
                "315c82b0-cb0f-4db9-95df-f218986afe04",
                "fb7bbdb8-c419-41b4-bfa3-159938f35069",
                "811236e7-8cc3-41c0-92ee-e9b66618d648",
                "114069b6-dc2b-4adb-82aa-d6fe26ce4c49"
              ],
              "failures": [],
              "pending": [],
              "skipped": [],
              "duration": 1632,
              "root": false,
              "rootEmpty": false,
              "_timeout": 2000
            }
          ],
          "passes": [],
          "failures": [],
          "pending": [],
          "skipped": [],
          "duration": 0,
          "root": false,
          "rootEmpty": false,
          "_timeout": 2000
        }
      ],
      "passes": [],
      "failures": [],
      "pending": [],
      "skipped": [],
      "duration": 0,
      "root": true,
      "rootEmpty": true,
      "_timeout": 2000
    }
  ],
  "meta": {
    "mocha": {
      "version": "7.2.0"
    },
    "mochawesome": {
      "options": {
        "quiet": false,
        "reportFilename": "mochawesome",
        "saveHtml": true,
        "saveJson": true,
        "consoleReporter": "spec",
        "useInlineDiffs": false,
        "code": true
      },
      "version": "6.1.1"
    },
    "marge": {
      "options": null,
      "version": "5.1.0"
    }
  }
}